TN:
SF:./app/app.js
FN:13,(anonymous_1)
FN:19,(anonymous_2)
FN:21,(anonymous_3)
FNF:3
FNH:2
FNDA:8,(anonymous_1)
FNDA:8,(anonymous_2)
FNDA:0,(anonymous_3)
DA:3,1
DA:14,8
DA:21,8
DA:22,0
LF:4
LH:3
BRF:0
BRH:0
end_of_record
TN:
SF:./app/config.js
FN:11,(anonymous_1)
FN:14,(anonymous_2)
FNF:2
FNH:1
FNDA:14,(anonymous_1)
FNDA:0,(anonymous_2)
DA:3,1
DA:12,14
DA:13,0
DA:14,0
DA:15,0
LF:5
LH:2
BRDA:12,1,0,0
BRDA:12,1,1,14
BRF:2
BRH:1
end_of_record
TN:
SF:./app/config_test.js
FN:3,(anonymous_1)
FN:6,(anonymous_2)
FN:10,(anonymous_3)
FNF:3
FNH:3
FNDA:1,(anonymous_1)
FNDA:1,(anonymous_2)
FNDA:1,(anonymous_3)
DA:1,1
DA:3,1
DA:4,1
DA:6,1
DA:7,1
DA:10,1
DA:11,1
LF:7
LH:7
BRF:0
BRH:0
end_of_record
