TN:
SF:/Users/ed/Documents/Projects/Week10/hotel_check_in/app/app.js
FN:16,(anonymous_1)
FN:22,(anonymous_2)
FN:23,(anonymous_3)
FNF:3
FNH:2
FNDA:13,(anonymous_1)
FNDA:13,(anonymous_2)
FNDA:0,(anonymous_3)
DA:3,1
DA:17,13
DA:23,13
DA:24,0
LF:4
LH:3
BRF:0
BRH:0
end_of_record
TN:
SF:/Users/ed/Documents/Projects/Week10/hotel_check_in/app/config.js
FN:11,(anonymous_1)
FN:14,(anonymous_2)
FNF:2
FNH:1
FNDA:19,(anonymous_1)
FNDA:0,(anonymous_2)
DA:3,1
DA:12,19
DA:13,0
DA:14,0
DA:15,0
LF:5
LH:2
BRDA:12,1,0,0
BRDA:12,1,1,19
BRF:2
BRH:1
end_of_record
TN:
SF:/Users/ed/Documents/Projects/Week10/hotel_check_in/app/config_test.js
FN:4,(anonymous_1)
FN:7,(anonymous_2)
FN:11,(anonymous_3)
FNF:3
FNH:3
FNDA:1,(anonymous_1)
FNDA:1,(anonymous_2)
FNDA:1,(anonymous_3)
DA:1,1
DA:4,1
DA:5,1
DA:7,1
DA:8,1
DA:11,1
DA:12,1
LF:7
LH:7
BRF:0
BRH:0
end_of_record
